cdd ----> Q_{dd} =  (\bar d_p \gamma_\mu d_r)(\bar d_s \gamma^\mu d_t) 
cuW ----> Q_{uW} = (\bar q\, Y_u^\dag\, \s^{\mu\nu} u) \sigma^i \tilde H W_{\mu\nu}^i 
cdB ----> Q_{dB} = (\bar q\, Y_d^\dag\, \s^{\mu\nu} d) H B_{\mu\nu} 
clq3 ----> Q_{lq}^{(3)} = (\bar l_p \s^i\gamma_\mu l_r)(\bar q \s^i\gamma^\mu q) 
clq1 ----> Q_{lq}^{(1)} = (\bar l_p \gamma_\mu l_r)(\bar q \gamma^\mu q) 
cuG ----> Q_{uG} = (\bar q\, Y_u^\dag\, \s^{\mu\nu} T^a u) \tilde H G_{\mu\nu}^a 
cuB ----> Q_{uB} = (\bar q\, Y_u^\dag\, \s^{\mu\nu} u) \tilde H B_{\mu\nu} 
cuH ----> Q_{uH} =  (H^\dagger H)(\bar q_p u_r \widetilde H )
cll ----> Q_{ll} =  (\bar l_p \gamma_\mu l_r)(\bar l_s\gamma^\mu l_t) 
cuu ----> Q_{uu} =  (\bar u_p \gamma_\mu u_r)(\bar u_s \gamma^\mu u_t) 
cdG ----> Q_{dG} = (\bar q\, Y_d^\dag\, \s^{\mu\nu} T^a d) H G_{\mu\nu}^a 
cdB ----> Q_{dB} = (\bar q\, Y_d^\dag\, \s^{\mu\nu} d) H B_{\mu\nu} 
cld ----> Q_{ld} = (\bar l_p \gamma_\mu l_r)(\bar d \gamma^\mu d) 
cle ----> Q_{le} = (\bar l_p \gamma_\mu l_r)(\bar e_s \gamma^\mu e_t) 
cdH ----> Q_{dH} = (H^\dag H) (\bar q\, Y_d^\dag\, d H) 
cledq ----> Q_{ledq} = (\bar l_p^j e_r)(\bar d \,Y_d\, q_{j}) 
cdW ----> Q_{dW} = (\bar q\, Y_d^\dag\, \s^{\mu\nu} d) \sigma^i H W_{\mu\nu}^i 
clu ----> Q_{lu} = (\bar l_p \gamma_\mu l_r)(\bar u \gamma^\mu u) 
cqq11 ----> Q_{qq}^{(1,1)} = (\bar q \gamma_\mu q)(\bar q \gamma^\mu q) 
cee ----> Q_{ee} = (\bar e_p \gamma_\mu e_r)(\bar e_s \gamma^\mu e_t) 
ced ----> Q_{ed} = (\bar e_p \gamma_\mu e_r)(\bar d \gamma^\mu d) 
clequ3 ----> Q_{lequ}^{(3)} =  (\bar l_p^j \sigma_{\mu\nu} e_r) \epsilon_{jk} (\bar q^k\,Y_u^\dag\, \sigma^{\mu\nu} u)
ceu ----> Q_{eu} = (\bar e_p \gamma_\mu e_r)(\bar u \gamma^\mu u) 
ceB ----> Q_{eB} = (\bar l_p \s^{\mu\nu} e_r) H B_{\mu\nu} 
cquqd1 ----> Q_{quqd}^{(1)\prime} =  (Y_u^\dag)_{sr} (Y_d^\dag)_{pt} (\bar q^j_p \, u_r)  \epsilon_{jk} (\bar q^k_s\, d_t)
ceH ----> Q_{eH} = (H^\dag H) (\bar l_p e_r H) 
ceW ----> Q_{eW} = (\bar l_p \s^{\mu\nu} e_r) \sigma^i H W_{\mu\nu}^i 
cuG ----> Q_{uG} = (\bar q\, Y_u^\dag\, \s^{\mu\nu} T^a u) \tilde H G_{\mu\nu}^a 
cquqd8 ----> Q_{quqd}^{(8)\prime} =  (Y_u^\dag)_{sr} (Y_d^\dag)_{pt}(\bar q^j_p \,T^a u_r)  \epsilon_{jk} (\bar q^k_s\, T^a d_t)
cdH ----> Q_{dH} = (H^\dag H) (\bar q\, Y_d^\dag\, d H) 
cHWBtil ----> Q_{H\widetilde WB} =  H^\dagger \sigma^i H\, \widetilde W^i_{\mu\nu} B^{\mu\nu} 
clequ3 ----> Q_{lequ}^{(3)} =  (\bar l_p^j \sigma_{\mu\nu} e_r) \epsilon_{jk} (\bar q^k\,Y_u^\dag\, \sigma^{\mu\nu} u)
ceW ----> Q_{eW} = (\bar l_p \s^{\mu\nu} e_r) \sigma^i H W_{\mu\nu}^i 
cHGtil ----> Q_{H\widetilde G} =  H^\dagger H\, \widetilde G^a_{\mu\nu} G^{a\mu\nu} 
cHq1 ----> Q_{Hq}^{(1)} = (H^\dag i\overleftrightarrow{D}_\mu H) (\bar q \g^\mu q) 
cuu1 ----> Q_{uu}^{(1)} = (\bar u \gamma_\mu u)(\bar u \gamma^\mu u) 
ceW ----> Q_{eW} = (\bar l_p \s^{\mu\nu} e_r) \sigma^i H W_{\mu\nu}^i 
cHWtil ----> Q_{H\widetilde W} =  H^\dagger H\, \widetilde W^i_{\mu\nu} W^{i\mu\nu} 
cHWB ----> Q_{HWB} =  H^\dagger \sigma^i H\, W^i_{\mu\nu} B^{\mu\nu}
cuG ----> Q_{uG} = (\bar q\, Y_u^\dag\, \s^{\mu\nu} T^a u) \tilde H G_{\mu\nu}^a 
cdW ----> Q_{dW} = (\bar q\, Y_d^\dag\, \s^{\mu\nu} d) \sigma^i H W_{\mu\nu}^i 
cud1 ----> Q_{ud}^{(1)} = (\bar u \gamma_\mu u)(\bar d \gamma^\mu d) 
cdW ----> Q_{dW} = (\bar q\, Y_d^\dag\, \s^{\mu\nu} d) \sigma^i H W_{\mu\nu}^i 
cud8 ----> Q_{ud}^{(8)} = (\bar u T^a\gamma_\mu u)(\bar d T^a\gamma^\mu d) 
cqd1 ----> Q_{qd}^{(1)} = (\bar q \gamma_\mu q)(\bar d \gamma^\mu d) 
cqd8 ----> Q_{qd}^{(8)} = (\bar q T^a\gamma_\mu q)(\bar d T^a\gamma^\mu d) 
cHbox ----> Q_{H\Box} =  (H^\dagger H)\Box(H^\dagger H) 
ceB ----> Q_{eB} = (\bar l_p \s^{\mu\nu} e_r) H B_{\mu\nu} 
cqu1 ----> Q_{qu}^{(1)} = (\bar q \gamma_\mu q)(\bar u \gamma^\mu u) 
cqu8 ----> Q_{qu}^{(8)} = (\bar q T^a\gamma_\mu q)(\bar u T^a\gamma^\mu u) 
cuB ----> Q_{uB} = (\bar q\, Y_u^\dag\, \s^{\mu\nu} u) \tilde H B_{\mu\nu} 
cdG ----> Q_{dG} = (\bar q\, Y_d^\dag\, \s^{\mu\nu} T^a d) H G_{\mu\nu}^a 
cHud ----> Q_{Hud} = i(\tilde H^\dag D_\mu H) (\bar u \, Y_u Y_d^\dag\, \g^\mu d) 
cquqd8 ----> Q_{quqd}^{(8)\prime} =  (Y_u^\dag)_{sr} (Y_d^\dag)_{pt}(\bar q^j_p \,T^a u_r)  \epsilon_{jk} (\bar q^k_s\, T^a d_t)
cuW ----> Q_{uW} = (\bar q\, Y_u^\dag\, \s^{\mu\nu} u) \sigma^i \tilde H W_{\mu\nu}^i 
cuH ----> Q_{uH} =  (H^\dagger H)(\bar q_p u_r \widetilde H )
cdd1 ----> Q_{dd}^{(1)} = (\bar d \gamma_\mu d)(\bar d \gamma^\mu d) 
cuH ----> Q_{uH} =  (H^\dagger H)(\bar q_p u_r \widetilde H )
cuB ----> Q_{uB} = (\bar q\, Y_u^\dag\, \s^{\mu\nu} u) \tilde H B_{\mu\nu} 
ceH ----> Q_{eH} = (H^\dag H) (\bar l_p e_r H) 
cGtil ----> Q_{\widetilde G} =  f^{abc} \widetilde G_\mu^{a\nu} G_\nu^{b\rho} G_\rho^{c\mu}  
cHl1 ----> Q_{Hl}^{(1)} = (H^\dag i\overleftrightarrow{D}_\mu H) (\bar l_p \g^\mu l_r) 
cHl3 ----> Q_{Hl}^{(3)} = (H^\dag i\overleftrightarrow{D}_\mu^i H) (\bar l_p \s^i\g^\mu l_r) 
cH ----> Q_H =  (H^\dagger H)^3
cquqd8 ----> Q_{quqd}^{(8)\prime} =  (Y_u^\dag)_{sr} (Y_d^\dag)_{pt}(\bar q^j_p \,T^a u_r)  \epsilon_{jk} (\bar q^k_s\, T^a d_t)
cG ----> Q_G =  f^{abc} G_\mu^{a\nu} G_\nu^{b\rho} G_\rho^{c\mu}  
cqe ----> Q_{qe} = (\bar q \gamma_\mu q)(\bar e_p \gamma^\mu e_r) 
cHDD ----> Q_{HD} =  \ \left(D^\mu H^\dagger  H\right) \left(H^\dagger D_\mu H\right) 
cquqd1 ----> Q_{quqd}^{(1)\prime} =  (Y_u^\dag)_{sr} (Y_d^\dag)_{pt} (\bar q^j_p \, u_r)  \epsilon_{jk} (\bar q^k_s\, d_t)
cW ----> Q_W =  \epsilon^{ijk} W_\mu^{i\nu} W_\nu^{j\rho} W_\rho^{k\mu} 
cquqd1 ----> Q_{quqd}^{(1)\prime} =  (Y_u^\dag)_{sr} (Y_d^\dag)_{pt} (\bar q^j_p \, u_r)  \epsilon_{jk} (\bar q^k_s\, d_t)
clequ1 ----> Q_{lequ}^{(1)} =  (\bar l_p^j e_r) \epsilon_{jk} (\bar q^k \,Y_u^\dag\, u) 
clequ1 ----> Q_{lequ}^{(1)} =  (\bar l_p^j e_r) \epsilon_{jk} (\bar q^k \,Y_u^\dag\, u) 
cdB ----> Q_{dB} = (\bar q\, Y_d^\dag\, \s^{\mu\nu} d) H B_{\mu\nu} 
cledq ----> Q_{ledq} = (\bar l_p^j e_r)(\bar d \,Y_d\, q_{j}) 
cHud ----> Q_{Hud} = i(\tilde H^\dag D_\mu H) (\bar u \, Y_u Y_d^\dag\, \g^\mu d) 
cdH ----> Q_{dH} = (H^\dag H) (\bar q\, Y_d^\dag\, d H) 
cdG ----> Q_{dG} = (\bar q\, Y_d^\dag\, \s^{\mu\nu} T^a d) H G_{\mu\nu}^a 
clequ3 ----> Q_{lequ}^{(3)} =  (\bar l_p^j \sigma_{\mu\nu} e_r) \epsilon_{jk} (\bar q^k\,Y_u^\dag\, \sigma^{\mu\nu} u)
clequ1 ----> Q_{lequ}^{(1)} =  (\bar l_p^j e_r) \epsilon_{jk} (\bar q^k \,Y_u^\dag\, u) 
cWtil ----> Q_{\widetilde W} =  \epsilon^{ijk} \widetilde W_\mu^{i\nu} W_\nu^{j\rho} W_\rho^{k\mu} 
ceH ----> Q_{eH} = (H^\dag H) (\bar l_p e_r H) 
cHBtil ----> Q_{H\widetildeB} =  H^\dagger H\, \widetilde B_{\mu\nu} B^{\mu\nu} 
cqq31 ----> Q_{qq}^{(3,1)} = (\bar q \s^i\gamma_\mu q)(\bar q \s^i\gamma^\mu q) 
cHq3 ----> Q_{Hq}^{(3)} = (H^\dag i\overleftrightarrow{D}^i_\mu H) (\bar q \s^i\g^\mu q) 
cHud ----> Q_{Hud}+\hc =  i(\widetilde H ^\dagger D_\mu H)(\bar u_p \gamma^\mu d_r)
cHud ----> Q_{Hud} = i(\tilde H^\dag D_\mu H) (\bar u \, Y_u Y_d^\dag\, \g^\mu d) 
cHd ----> Q_{Hd} = (H^\dag i\overleftrightarrow{D}_\mu H) (\bar d \g^\mu d) 
cHe ----> Q_{He} =(H^\dag i\overleftrightarrow{D}_\mu H) (\bar e_p \g^\mu e_r) 
cHu ----> Q_{Hu} = (H^\dag i\overleftrightarrow{D}_\mu H) (\bar u \g^\mu u) 
ceB ----> Q_{eB} = (\bar l_p \s^{\mu\nu} e_r) H B_{\mu\nu} 
cqq3 ----> Q_{qq}^{(3)} =  (\bar q_p \gamma_\mu \sigma^i q_r)(\bar q_s \gamma^\mu \sigma^i q_t) 
cqq1 ----> Q_{qq}^{(1)} =  (\bar q_p \gamma_\mu q_r)(\bar q_s \gamma^\mu q_t) 
cHB ----> Q_{HB} =   H^\dagger H\, B_{\mu\nu} B^{\mu\nu} 
cHG ----> Q_{HG} =  H^\dagger H\, G^a_{\mu\nu} G^{a\mu\nu} 
cuW ----> Q_{uW} = (\bar q\, Y_u^\dag\, \s^{\mu\nu} u) \sigma^i \tilde H W_{\mu\nu}^i 
cledq ----> Q_{ledq} = (\bar l_p^j e_r)(\bar d \,Y_d\, q_{j}) 
cHW ----> Q_{HW} =  H^\dagger H\, W^i_{\mu\nu} W^{I\mu\nu} 

Not found cquqd81Re
Not found cquqd81
Not found cquqd11
Not found cll1
Not found cquqd11Re
Not found cquqd11Im
