[u'cdd', u'cuW', u'cqtQd1', u'clq3', u'clq1', u'cuG', u'cuB', u'cQQ8', u'cQQ1', u'cuH', u'cll', u'cuu', u'cdG', u'cdB', u'cld', u'cle', u'ctb1', u'cQuqb1', u'cdH', u'clb', u'cqq18', u'clt', u'clu', u'cledq', u'cqtQd8', u'cQq38', u'cbW', u'cee', u'ced', u'ceb', u'cQd1', u'ceu', u'cQq18', u'cQuqb8', u'cQq31', u'cQd8', u'cQq11', u'cHQ3', u'cHQ1', u'ceB', u'ceH', u'ceW', u'cdHRe', u'clebQ', u'cqt1', u'cHWBtil', u'ctGRe', u'cHq3', u'cqt8', u'cHGtil', u'cub1', u'cqb8', u'cutbd8', u'cHudRe', u'cuu1', u'cHWtil', u'cHWB', u'ctu8', u'cuu8', u'cuGRe', u'cqQbd8', u'cud1', u'cQt8', u'cqQbd1', u'cud8', u'cqd1', u'cub8', u'cqd8', u'cHbox', u'cqu1', u'ctW', u'cqu8', u'cuBRe', u'cHtb', u'ctB', u'ctH', u'ctt', u'cQu1', u'cQu8', u'cuWRe', u'ctG', u'cdd8', u'cdd1', u'cquqd1', u'cquQb1', u'cquQb8', u'cGtil', u'cutbd1', u'ctu1', u'cHl1', u'cHl3', u'cH', u'cqq3', u'cG', u'cqe', u'cQtQb1', u'cdW', u'cHDD', u'cQtQb8', u'cW', u'cQb8', u'cQtqd1', u'cleQt1', u'cqq11', u'cleQt3', u'cQtqd8', u'cHud', u'cqQtu8', u'cqQtu1', u'clequ3', u'clequ1', u'cbb', u'cbB', u'cbG', u'cbH', u'ctd1', u'cHBtil', u'ctb8', u'cbd8', u'cqq38', u'cqq31', u'cWtil', u'cHb', u'cHq1', u'cHd', u'cHe', u'cQt1', u'cqb1', u'cQe', u'cHt', u'cHu', u'cquqd8', u'cqq1', u'ctd8', u'cHB', u'cHG', u'cQb1', u'clQ3', u'clQ1', u'cet', u'cHW', u'cbd1']
[u'topU3l', u'U35', u'MFV', u'General']
case : topU3l with number of parameters 229

topU3l
cbG ----> Q_{bG} = (\bar Q \s^{\mu\nu} T^a b)  H G_{\mu\nu}^a 
Not found cju1
Not found ctj1
Not found cju8
ctd1 ----> Q_{td}^{(1)} = (\bar t \gamma_\mu t)(\bar d \gamma^\mu d) 
Not found ctj8
cuG ----> Q_{uG} = (\bar q\, Y_u^\dag\, \sigma^{\mu\nu} T^a u) \tilde H G_{\mu\nu}^a 
cHBtil ----> Q_{H\widetildeB} =  H^\dagger H\, \widetilde B_{\mu\nu} B^{\mu\nu} 
cQQ8 ----> Q_{QQ}^{(8)} = (\bar Q T^a\gamma_\mu Q)(\bar Q T^a\gamma^\mu Q) 
cbH ----> Q_{bH} = (H^\dag H) (\bar Q H b) 
cutbd8 ----> Q_{utbd}^{(8)} = (Y_uY_d^\dag)_{pr}(\bar u_p T^a\gamma_\mu t)(\bar b T^a\gamma^\mu d_r)
cQQ1 ----> Q_{QQ}^{(1)} = (\bar Q \gamma_\mu Q)(\bar Q \gamma^\mu Q) 
cuH ----> Q_{uH} =  (H^\dagger H)(\bar q_p u_r \widetilde H )
cll ----> Q_{ll} =  (\bar l_p \gamma_\mu l_r)(\bar l_s\gamma^\mu l_t) 
Not found cledj
ctb8 ----> Q_{tb}^{(8)} = (\bar t T^a\gamma_\mu t)(\bar b T^a\gamma^\mu b) 
cuW ----> Q_{uW} = (\bar q\, Y_u^\dag\, \sigma^{\mu\nu} u) \sigma^i \tilde H W_{\mu\nu}^i 
cdB ----> Q_{dB} = (\bar q\, Y_d^\dag\, \sigma^{\mu\nu} d) H B_{\mu\nu} 
cld ----> Q_{ld} = (\bar l_p \gamma_\mu l_r)(\bar d \gamma^\mu d) 
cle ----> Q_{le} = (\bar l_p \gamma_\mu l_r)(\bar e_s \gamma^\mu e_t) 
ctb1 ----> Q_{tb}^{(1)} = (\bar t \gamma_\mu t)(\bar b \gamma^\mu b) 
cdH ----> Q_{dH} = (H^\dag H) (\bar q\, Y_d^\dag\, d H) 
Not found cQtjd8Re
ctW ----> Q_{tW} = (\bar Q \s^{\mu\nu} t) \sigma^i \tilde H W_{\mu\nu}^i 
Not found cjQtu1
clu ----> Q_{lu} = (\bar l_p \gamma_\mu l_r)(\bar u \gamma^\mu u) 
cQtQb1 ----> Q_{QtQb}^{(1)} =  (\bar Q^j \, t) \epsilon_{jk} (\bar Q^k\, b) 
Not found cQujb8
cee ----> Q_{ee} = (\bar e_p \gamma_\mu e_r)(\bar e_s \gamma^\mu e_t) 
ced ----> Q_{ed} = (\bar e_p \gamma_\mu e_r)(\bar d \gamma^\mu d) 
Not found cjQtu8Re
Not found cQujb1
Not found cjujd1
cQd1 ----> Q_{Qd}^{(1)} = (\bar Q \gamma_\mu Q)(\bar d \gamma^\mu d) 
ceu ----> Q_{eu} = (\bar e_p \gamma_\mu e_r)(\bar u \gamma^\mu u) 
cQd8 ----> Q_{Qd}^{(8)} = (\bar Q T^a\gamma_\mu Q)(\bar d T^a\gamma^\mu d) 
Not found cjtQd8Re
cHQ3 ----> Q_{HQ}^{(3)} = (H^\dag i\overleftrightarrow{D}^i_\mu H) (\bar Q \sigma^i\g^\mu Q) 
cHQ1 ----> Q_{HQ}^{(1)} = (H^\dag i\overleftrightarrow{D}_\mu H) (\bar Q \g^\mu Q) 
ceB ----> Q_{eB} = (\bar l_p \sigma^{\mu\nu} e_r) H B_{\mu\nu} 
cQt1 ----> Q_{Qt}^{(1)} = (\bar Q \gamma_\mu Q)(\bar t \gamma^\mu t) 
ceH ----> Q_{eH} = (H^\dag H) (\bar l_p e_r H) 
cleQt1 ----> Q_{leQt}^{(1)} =  (\bar l_p^j e_r) \epsilon_{jk} (\bar Q^k \, t) 
Not found cjd1
Not found cleju3Re
Not found cjtQd1
Not found cQujb8Re
Not found cQl1
Not found cjd8
Not found cjtQd8
cdH ----> Q_{dH} = (H^\dag H) (\bar q\, Y_d^\dag\, d H) 
cuB ----> Q_{uB} = (\bar q\, Y_u^\dag\, \sigma^{\mu\nu} u) \tilde H B_{\mu\nu} 
clebQ ----> Q_{lebQ} = (\bar l_p^j e_r)(\bar b Q_{j}) 
cutbd1 ----> Q_{utbd}^{(1)} = (Y_uY_d^\dag)_{pr}(\bar u_p \gamma_\mu t)(\bar b\gamma^\mu d_r) 
cHWBtil ----> Q_{H\widetilde WB} =  H^\dagger \sigma^i H\, \widetilde W^i_{\mu\nu} B^{\mu\nu} 
ctG ----> Q_{tG} = (\bar Q \s^{\mu\nu} T^a t) \tilde H G_{\mu\nu}^a 
ctG ----> Q_{uG} =  (\bar q_p \sigma^{\mu\nu} T^a u_r) \widetilde H \, G_{\mu\nu}^a 
ctG ----> Q_{tG} = (\bar Q \sigma^{\mu\nu} T^a t) \tilde H G_{\mu\nu}^a 
Not found cjujd8Im
cHGtil ----> Q_{H\widetilde G} =  H^\dagger H\, \widetilde G^a_{\mu\nu} G^{a\mu\nu} 
Not found cjQtu8
cutbd8 ----> Q_{utbd}^{(8)} = (Y_uY_d^\dag)_{pr}(\bar u_p T^a\gamma_\mu t)(\bar b T^a\gamma^\mu d_r)
Not found cledjIm
Not found cjtQd1Im
cuu1 ----> Q_{uu}^{(1)} = (\bar u \gamma_\mu u)(\bar u \gamma^\mu u) 
ceW ----> Q_{eW} = (\bar l_p \s^{\mu\nu} e_r) \sigma^i H W_{\mu\nu}^i 
cHWtil ----> Q_{H\widetilde W} =  H^\dagger H\, \widetilde W^i_{\mu\nu} W^{i\mu\nu} 
cHWB ----> Q_{HWB} =  H^\dagger \sigma^i H\, W^i_{\mu\nu} B^{\mu\nu}
cHl3 ----> Q_{Hl}^{(3)} = (H^\dag i\overleftrightarrow{D}_\mu^i H) (\bar l_p \sigma^i\g^\mu l_r) 
cuu8 ----> Q_{uu}^{(8)} = (\bar u T^a\gamma_\mu u)(\bar u T^a\gamma^\mu u) 
cuG ----> Q_{uG} = (\bar q\, Y_u^\dag\, \s^{\mu\nu} T^a u) \tilde H G_{\mu\nu}^a 
cdW ----> Q_{dW} = (\bar q\, Y_d^\dag\, \s^{\mu\nu} d) \sigma^i H W_{\mu\nu}^i 
cud1 ----> Q_{ud}^{(1)} = (\bar u \gamma_\mu u)(\bar d \gamma^\mu d) 
cdW ----> Q_{dW} = (\bar q\, Y_d^\dag\, \s^{\mu\nu} d) \sigma^i H W_{\mu\nu}^i 
cQt8 ----> Q_{Qt}^{(8)} = (\bar Q T^a\gamma_\mu Q)(\bar t T^a\gamma^\mu t) 
cuG ----> Q_{uG} = (\bar q\, Y_u^\dag\, \s^{\mu\nu} T^a u) \tilde H G_{\mu\nu}^a 
cud8 ----> Q_{ud}^{(8)} = (\bar u T^a\gamma_\mu u)(\bar d T^a\gamma^\mu d) 
Not found cleju3
cbW ----> Q_{bW} = (\bar Q \s^{\mu\nu} b) \sigma^i H W_{\mu\nu}^i 
Not found cjuQb8Re
cHbox ----> Q_{H\Box} =  (H^\dagger H)\Box(H^\dagger H) 
cbH ----> Q_{bH} = (H^\dag H) (\bar Q H b) 
ceB ----> Q_{eB} = (\bar l_p \s^{\mu\nu} e_r) H B_{\mu\nu} 
Not found cjujd81Im
ctW ----> Q_{tW} = (\bar Q \sigma^{\mu\nu} t) \sigma^i \tilde H W_{\mu\nu}^i 
Not found cQujb1Re
cuB ----> Q_{uB} = (\bar q\, Y_u^\dag\, \s^{\mu\nu} u) \tilde H B_{\mu\nu} 
cbB ----> Q_{bB} = (\bar Q \s^{\mu\nu} b) H B_{\mu\nu} 
cdG ----> Q_{dG} = (\bar q\, Y_d^\dag\, \s^{\mu\nu} T^a d) H G_{\mu\nu}^a 
ctW ----> Q_{tW} = (\bar Q \s^{\mu\nu} t) \sigma^i \tilde H W_{\mu\nu}^i 
cHud ----> Q_{Hud} = i(\tilde H^\dag D_\mu H) (\bar u \, Y_u Y_d^\dag\, \g^\mu d) 
ctH ----> Q_{tH} = (H^\dag H) (\bar Q  \tilde Ht) 
ctt ----> Q_{tt} = (\bar t\gamma_\mu t)(\bar t\gamma^\mu t) 
Not found cjtQd8Im
cQu1 ----> Q_{Qu}^{(1)} = (\bar Q \gamma_\mu Q)(\bar u \gamma^\mu u) 
Not found cQl3
Not found cleju1
cQu8 ----> Q_{Qu}^{(8)} = (\bar Q T^a\gamma_\mu Q)(\bar u T^a\gamma^\mu u) 
Not found cjQbd8
cuW ----> Q_{uW} = (\bar q\, Y_u^\dag\, \s^{\mu\nu} u) \sigma^i \tilde H W_{\mu\nu}^i 
cuH ----> Q_{uH} =  (H^\dagger H)(\bar q_p u_r \widetilde H )
ctG ----> Q_{tG} = (\bar Q \sigma^{\mu\nu} T^a t) \tilde H G_{\mu\nu}^a 
Not found cjujd1Re
cdd8 ----> Q_{dd}^{(8)} = (\bar d T^a\gamma_\mu d)(\bar d T^a\gamma^\mu d) 
Not found ctl
Not found clj3
cQtQb1 ----> Q_{QtQb}^{(1)} =  (\bar Q^j \, t) \epsilon_{jk} (\bar Q^k\, b) 
cdd1 ----> Q_{dd}^{(1)} = (\bar d \gamma_\mu d)(\bar d \gamma^\mu d) 
Not found cjQbd8Re
cuH ----> Q_{uH} =  (H^\dagger H)(\bar q_p u_r \widetilde H )
Not found cbu8
ctB ----> Q_{tB} = (\bar Q \sigma^{\mu\nu} t)  \tilde H B_{\mu\nu} 
cuB ----> Q_{uB} = (\bar q\, Y_u^\dag\, \s^{\mu\nu} u) \tilde H B_{\mu\nu} 
ctB ----> Q_{tB} = (\bar Q \s^{\mu\nu} t)  \tilde H B_{\mu\nu} 
ceH ----> Q_{eH} = (H^\dag H) (\bar l_p e_r H) 
cGtil ----> Q_{\widetilde G} =  f^{abc} \widetilde G_\mu^{a\nu} G_\nu^{b\rho} G_\rho^{c\mu}  
cutbd1 ----> Q_{utbd}^{(1)} = (Y_uY_d^\dag)_{pr}(\bar u_p \gamma_\mu t)(\bar b\gamma^\mu d_r) 
ctu1 ----> Q_{tu}^{(1)} = (\bar t \gamma_\mu t)(\bar u \gamma^\mu u) 
ceB ----> Q_{eB} = (\bar l_p \s^{\mu\nu} e_r) H B_{\mu\nu} 
cHl1 ----> Q_{Hl}^{(1)} = (H^\dag i\overleftrightarrow{D}_\mu H) (\bar l_p \g^\mu l_r) 
cbG ----> Q_{bG} = (\bar Q \s^{\mu\nu} T^a b)  H G_{\mu\nu}^a 
ctu8 ----> Q_{tu}^{(8)} = (\bar t T^a\gamma_\mu t)(\bar u T^a\gamma^\mu u) 
Not found cll1
Not found cjuQb1Re
cHtb ----> Q_{Htb} = i(\tilde H^\dag D_\mu H) (\bar t \g^\mu b) 
cQtQb8 ----> Q_{QtQb}^{(8)} =  (\bar Q^j \, T^a t) \epsilon_{jk} (\bar Q^k\,T^a b) 
Not found cQj38
cH ----> Q_H =  (H^\dagger H)^3
Not found cjQbd8Im
ceW ----> Q_{eW} = (\bar l_p \sigma^{\mu\nu} e_r) \sigma^i H W_{\mu\nu}^i 
Not found cQj31
cG ----> Q_G =  f^{abc} G_\mu^{a\nu} G_\nu^{b\rho} G_\rho^{c\mu}  
cQtQb1 ----> Q_{QtQb}^{(1)} =  (\bar Q^j \, t) \epsilon_{jk} (\bar Q^k\, b) 
cdW ----> Q_{dW} = (\bar q\, Y_d^\dag\, \sigma^{\mu\nu} d) \sigma^i H W_{\mu\nu}^i 
cHDD ----> Q_{HD} =  \ \left(D^\mu H^\dagger  H\right) \left(H^\dagger D_\mu H\right) 
Not found cjujd8Re
cQtQb8 ----> Q_{QtQb}^{(8)} =  (\bar Q^j \, T^a t) \epsilon_{jk} (\bar Q^k\,T^a b) 
cW ----> Q_W =  \epsilon^{ijk} W_\mu^{i\nu} W_\nu^{j\rho} W_\rho^{k\mu} 
Not found cjQbd1Re
Not found cleju3Im
ctH ----> Q_{tH} = (H^\dag H) (\bar Q  \tilde Ht) 
Not found cjujd81Re
Not found cjujd11Re
Not found cQujb1Im
cHB ----> Q_{HB} =   H^\dagger H\, B_{\mu\nu} B^{\mu\nu} 
Not found cjujd11Im
Not found cjuQb1
Not found cbj1
cdB ----> Q_{dB} = (\bar q\, Y_d^\dag\, \s^{\mu\nu} d) H B_{\mu\nu} 
Not found cledjRe
Not found cjuQb8
cdB ----> Q_{dB} = (\bar q\, Y_d^\dag\, \s^{\mu\nu} d) H B_{\mu\nu} 
cleQt1 ----> Q_{leQt}^{(1)} =  (\bar l_p^j e_r) \epsilon_{jk} (\bar Q^k \, t) 
Not found cbj8
cleQt3 ----> Q_{leQt}^{(3)} =  (\bar l_p^j \sigma_{\mu\nu} e_r) \epsilon_{jk} (\bar Q^k  \sigma^{\mu\nu} t)
cHud ----> Q_{Hud} = i(\tilde H^\dag D_\mu H) (\bar u \, Y_u Y_d^\dag\, \g^\mu d) 
cdH ----> Q_{dH} = (H^\dag H) (\bar q\, Y_d^\dag\, d H) 
cleQt3 ----> Q_{leQt}^{(3)} =  (\bar l_p^j \sigma_{\mu\nu} e_r) \epsilon_{jk} (\bar Q^k  \sigma^{\mu\nu} t)
ctB ----> Q_{tB} = (\bar Q \s^{\mu\nu} t)  \tilde H B_{\mu\nu} 
Not found cQtjd8Im
cQtQb8 ----> Q_{QtQb}^{(8)} =  (\bar Q^j \, T^a t) \epsilon_{jk} (\bar Q^k\,T^a b) 
Not found cQtjd1Im
Not found cjujd81
Not found cjj38
clebQ ----> Q_{lebQ} = (\bar l_p^j e_r)(\bar b Q_{j}) 
cdG ----> Q_{dG} = (\bar q\, Y_d^\dag\, \s^{\mu\nu} T^a d) H G_{\mu\nu}^a 
Not found cleju1Re
clebQ ----> Q_{lebQ} = (\bar l_p^j e_r)(\bar b Q_{j}) 
Not found cjj31
cbb ----> Q_{bb} = (\bar b\gamma_\mu b)(\bar b\gamma^\mu b) 
Not found cleju1Im
Not found cbe
Not found cbu1
ctH ----> Q_{tH} = (H^\dag H) (\bar Q  \tilde Ht) 
Not found cbl
Not found cQj11
cHtb ----> Q_{Htb} = i(\tilde H^\dag D_\mu H) (\bar t \g^\mu b) 
Not found cjujd11
Not found cQj18
Not found cjuQb1Im
Not found clj1
cWtil ----> Q_{\widetilde W} =  \epsilon^{ijk} \widetilde W_\mu^{i\nu} W_\nu^{j\rho} W_\rho^{k\mu} 
ceH ----> Q_{eH} = (H^\dag H) (\bar l_p e_r H) 
ctd8 ----> Q_{td}^{(8)} = (\bar t T^a\gamma_\mu t)(\bar d T^a\gamma^\mu d) 
Not found cte
cutbd1 ----> Q_{utbd}^{(1)} = (Y_uY_d^\dag)_{pr}(\bar u_p \gamma_\mu t)(\bar b\gamma^\mu d_r) 
cbH ----> Q_{bH} = (H^\dag H) (\bar Q H b) 
Not found cHj3
Not found cHj1
Not found cje
cbW ----> Q_{bW} = (\bar Q \s^{\mu\nu} b) \sigma^i H W_{\mu\nu}^i 
cbW ----> Q_{bW} = (\bar Q \sigma^{\mu\nu} b) \sigma^i H W_{\mu\nu}^i 
Not found cjQtu1Im
Not found cjQbd1Im
Not found cjj18
cHtb ----> Q_{Htb} = i(\tilde H^\dag D_\mu H) (\bar t \g^\mu b) 
ceW ----> Q_{eW} = (\bar l_p \s^{\mu\nu} e_r) \sigma^i H W_{\mu\nu}^i 
cHud ----> Q_{Hud}+\hc =  i(\widetilde H ^\dagger D_\mu H)(\bar u_p \gamma^\mu d_r)
cHud ----> Q_{Hud} = i(\tilde H^\dag D_\mu H) (\bar u \, Y_u Y_d^\dag\, \g^\mu d) 
cHd ----> Q_{Hd} = (H^\dag i\overleftrightarrow{D}_\mu H) (\bar d \g^\mu d) 
cHe ----> Q_{He} =(H^\dag i\overleftrightarrow{D}_\mu H) (\bar e_p \g^\mu e_r) 
Not found cjQtu1Re
cbB ----> Q_{bB} = (\bar Q \s^{\mu\nu} b) H B_{\mu\nu} 
Not found cjtQd1Re
Not found cjQtu8Im
cQe ----> Q_{Qe} = (\bar Q \gamma_\mu Q)(\bar e_p \gamma^\mu e_r) 
Not found cjujd8
cHt ----> Q_{Ht} = (H^\dag i\overleftrightarrow{D}_\mu H) (\bar t \g^\mu t) 
cHu ----> Q_{Hu} = (H^\dag i\overleftrightarrow{D}_\mu H) (\bar u \g^\mu u) 
cleQt1 ----> Q_{leQt}^{(1)} =  (\bar l_p^j e_r) \epsilon_{jk} (\bar Q^k \, t) 
Not found cjuQb8Im
cdG ----> Q_{dG} = (\bar q\, Y_d^\dag\, \sigma^{\mu\nu} T^a d) H G_{\mu\nu}^a 
Not found cjujd1Im
cbG ----> Q_{bG} = (\bar Q \sigma^{\mu\nu} T^a b)  H G_{\mu\nu}^a 
cQb8 ----> Q_{Qb}^{(8)} = (\bar Q T^a\gamma_\mu Q)(\bar b T^a\gamma^\mu b) 
cleQt3 ----> Q_{leQt}^{(3)} =  (\bar l_p^j \sigma_{\mu\nu} e_r) \epsilon_{jk} (\bar Q^k  \sigma^{\mu\nu} t)
Not found cQtjd8
cHG ----> Q_{HG} =  H^\dagger H\, G^a_{\mu\nu} G^{a\mu\nu} 
cuW ----> Q_{uW} = (\bar q\, Y_u^\dag\, \s^{\mu\nu} u) \sigma^i \tilde H W_{\mu\nu}^i 
Not found cjj11
cQb1 ----> Q_{Qb}^{(1)} = (\bar Q \gamma_\mu Q)(\bar b \gamma^\mu b) 
Not found cQtjd1
Not found cbBB
Not found cQujb8Im
cbd8 ----> Q_{bd}^{(8)} = (\bar b T^a\gamma_\mu b)(\bar d T^a\gamma^\mu d) 
cutbd8 ----> Q_{utbd}^{(8)} = (Y_uY_d^\dag)_{pr}(\bar u_p T^a\gamma_\mu t)(\bar b T^a\gamma^\mu d_r)
Not found cHbq
cHW ----> Q_{HW} =  H^\dagger H\, W^i_{\mu\nu} W^{I\mu\nu} 
Not found cQtjd1Re
cbd1 ----> Q_{bd}^{(1)} = (\bar b \gamma_\mu b)(\bar d \gamma^\mu d) 
Not found cjQbd1
